<?xml version="1.0" encoding="UTF-8"?>
<testng-results ignored="0" total="1" passed="1" failed="0" skipped="0">
  <reporter-output>
  </reporter-output>
  <suite started-at="2023-10-12T18:24:42 EEST" name="Default suite" finished-at="2023-10-12T18:25:34 EEST" duration-ms="51402">
    <groups>
    </groups>
    <test started-at="2023-10-12T18:24:42 EEST" name="Default test" finished-at="2023-10-12T18:25:34 EEST" duration-ms="51402">
      <class name="monroesports.AppiumTest">
        <test-method is-config="true" signature="setUp()[pri:0, instance:monroesports.AppiumTest@5b12b668]" started-at="2023-10-12T18:24:42 EEST" name="setUp" finished-at="2023-10-12T18:24:49 EEST" duration-ms="6544" status="PASS">
          <reporter-output>
          </reporter-output>
        </test-method> <!-- setUp -->
        <test-method signature="registrationTest()[pri:0, instance:monroesports.AppiumTest@5b12b668]" started-at="2023-10-12T18:24:49 EEST" name="registrationTest" finished-at="2023-10-12T18:25:33 EEST" duration-ms="44511" status="PASS">
          <reporter-output>
          </reporter-output>
        </test-method> <!-- registrationTest -->
        <test-method is-config="true" signature="tearDown()[pri:0, instance:monroesports.AppiumTest@5b12b668]" started-at="2023-10-12T18:25:33 EEST" name="tearDown" finished-at="2023-10-12T18:25:34 EEST" duration-ms="312" status="PASS">
          <reporter-output>
          </reporter-output>
        </test-method> <!-- tearDown -->
      </class> <!-- monroesports.AppiumTest -->
    </test> <!-- Default test -->
  </suite> <!-- Default suite -->
</testng-results>
